<?xml version="1.0" encoding="UTF-8"?>
<testsuite name="OrderToCashTime" tests="1" skipped="0" failures="0" errors="0" timestamp="2016-11-25T05:25:57" hostname="dejcxps" time="1.561">
  <properties/>
  <testcase name="Sales Order Time Check" classname="OrderToCashTime" time="1.561"/>
  <system-out><![CDATA[?[32m21:25:57.452  INFO  Test worker           o.moqui.i.c.LoggerFacadeImpl?[m Calculated shippingTotal [8.00] order part [100051:01] carrier [_NA_] method [ShMthGround] address [CustJqpAddr] geos [[USA, USA_NV]] items [3] quantity [3] weight [7.5]
?[32m21:25:57.463  INFO  Test worker           o.moqui.i.c.LoggerFacadeImpl?[m Called calculate#SalesTaxLocal (not yet implemented) with context:
 [result:[:], taxGatewayConfigId:LOCAL, destinationAddressContactMechId:CustJqpAddr, context:(this Map), organizationPartyId:ORG_ZIZI_RETAIL, originAddressContactMechId:null, saveResults:false, items:[[itemId:01, itemTypeEnumId:ItemProduct, quantity:1, unitAmount:16.99, productId:DEMO_1_1, taxCode:null], [itemId:02, itemTypeEnumId:ItemProduct, quantity:1, unitAmount:7.77, productId:DEMO_3_1, taxCode:null], [itemId:03, itemTypeEnumId:ItemProduct, quantity:1, unitAmount:12.12, productId:DEMO_2_1, taxCode:null], [itemId:04, itemTypeEnumId:ItemShipping, quantity:1, unitAmount:8, productId:null, taxCode:null]], referenceId:100051:01, ec:ExecutionContext, customerPartyId:CustJqp]
?[32m21:25:57.879  INFO  Test worker                        OrderToCashTime?[m [1/5 - 527] Created and shipped order 100051
?[32m21:25:57.957  INFO  Test worker           o.moqui.i.c.LoggerFacadeImpl?[m Calculated shippingTotal [8.00] order part [100052:01] carrier [_NA_] method [ShMthGround] address [CustJqpAddr] geos [[USA, USA_NV]] items [3] quantity [3] weight [7.5]
?[32m21:25:57.961  INFO  Test worker           o.moqui.i.c.LoggerFacadeImpl?[m Called calculate#SalesTaxLocal (not yet implemented) with context:
 [result:[:], taxGatewayConfigId:LOCAL, destinationAddressContactMechId:CustJqpAddr, context:(this Map), organizationPartyId:ORG_ZIZI_RETAIL, originAddressContactMechId:null, saveResults:false, items:[[itemId:01, itemTypeEnumId:ItemProduct, quantity:1, unitAmount:16.99, productId:DEMO_1_1, taxCode:null], [itemId:02, itemTypeEnumId:ItemProduct, quantity:1, unitAmount:7.77, productId:DEMO_3_1, taxCode:null], [itemId:03, itemTypeEnumId:ItemProduct, quantity:1, unitAmount:12.12, productId:DEMO_2_1, taxCode:null], [itemId:04, itemTypeEnumId:ItemShipping, quantity:1, unitAmount:8, productId:null, taxCode:null]], referenceId:100052:01, ec:ExecutionContext, customerPartyId:CustJqp]
?[32m21:25:58.058  INFO  Test worker                        OrderToCashTime?[m [2/5 - 707] Created and shipped order 100052
?[32m21:25:58.126  INFO  Test worker           o.moqui.i.c.LoggerFacadeImpl?[m Calculated shippingTotal [8.00] order part [100053:01] carrier [_NA_] method [ShMthGround] address [CustJqpAddr] geos [[USA, USA_NV]] items [3] quantity [3] weight [7.5]
?[32m21:25:58.130  INFO  Test worker           o.moqui.i.c.LoggerFacadeImpl?[m Called calculate#SalesTaxLocal (not yet implemented) with context:
 [result:[:], taxGatewayConfigId:LOCAL, destinationAddressContactMechId:CustJqpAddr, context:(this Map), organizationPartyId:ORG_ZIZI_RETAIL, originAddressContactMechId:null, saveResults:false, items:[[itemId:01, itemTypeEnumId:ItemProduct, quantity:1, unitAmount:16.99, productId:DEMO_1_1, taxCode:null], [itemId:02, itemTypeEnumId:ItemProduct, quantity:1, unitAmount:7.77, productId:DEMO_3_1, taxCode:null], [itemId:03, itemTypeEnumId:ItemProduct, quantity:1, unitAmount:12.12, productId:DEMO_2_1, taxCode:null], [itemId:04, itemTypeEnumId:ItemShipping, quantity:1, unitAmount:8, productId:null, taxCode:null]], referenceId:100053:01, ec:ExecutionContext, customerPartyId:CustJqp]
?[32m21:25:58.275  INFO  Test worker                        OrderToCashTime?[m [3/5 - 924] Created and shipped order 100053
?[32m21:25:58.348  INFO  Test worker           o.moqui.i.c.LoggerFacadeImpl?[m Calculated shippingTotal [8.00] order part [100054:01] carrier [_NA_] method [ShMthGround] address [CustJqpAddr] geos [[USA, USA_NV]] items [3] quantity [3] weight [7.5]
?[32m21:25:58.353  INFO  Test worker           o.moqui.i.c.LoggerFacadeImpl?[m Called calculate#SalesTaxLocal (not yet implemented) with context:
 [result:[:], taxGatewayConfigId:LOCAL, destinationAddressContactMechId:CustJqpAddr, context:(this Map), organizationPartyId:ORG_ZIZI_RETAIL, originAddressContactMechId:null, saveResults:false, items:[[itemId:01, itemTypeEnumId:ItemProduct, quantity:1, unitAmount:16.99, productId:DEMO_1_1, taxCode:null], [itemId:02, itemTypeEnumId:ItemProduct, quantity:1, unitAmount:7.77, productId:DEMO_3_1, taxCode:null], [itemId:03, itemTypeEnumId:ItemProduct, quantity:1, unitAmount:12.12, productId:DEMO_2_1, taxCode:null], [itemId:04, itemTypeEnumId:ItemShipping, quantity:1, unitAmount:8, productId:null, taxCode:null]], referenceId:100054:01, ec:ExecutionContext, customerPartyId:CustJqp]
?[32m21:25:58.505  INFO  Test worker                        OrderToCashTime?[m [4/5 - 1154] Created and shipped order 100054
?[32m21:25:58.580  INFO  Test worker           o.moqui.i.c.LoggerFacadeImpl?[m Calculated shippingTotal [8.00] order part [100055:01] carrier [_NA_] method [ShMthGround] address [CustJqpAddr] geos [[USA, USA_NV]] items [3] quantity [3] weight [7.5]
?[32m21:25:58.585  INFO  Test worker           o.moqui.i.c.LoggerFacadeImpl?[m Called calculate#SalesTaxLocal (not yet implemented) with context:
 [result:[:], taxGatewayConfigId:LOCAL, destinationAddressContactMechId:CustJqpAddr, context:(this Map), organizationPartyId:ORG_ZIZI_RETAIL, originAddressContactMechId:null, saveResults:false, items:[[itemId:01, itemTypeEnumId:ItemProduct, quantity:1, unitAmount:16.99, productId:DEMO_1_1, taxCode:null], [itemId:02, itemTypeEnumId:ItemProduct, quantity:1, unitAmount:7.77, productId:DEMO_3_1, taxCode:null], [itemId:03, itemTypeEnumId:ItemProduct, quantity:1, unitAmount:12.12, productId:DEMO_2_1, taxCode:null], [itemId:04, itemTypeEnumId:ItemShipping, quantity:1, unitAmount:8, productId:null, taxCode:null]], referenceId:100055:01, ec:ExecutionContext, customerPartyId:CustJqp]
?[32m21:25:58.912  INFO  Test worker                        OrderToCashTime?[m [5/5 - 1561] Created and shipped order 100055
?[32m21:25:58.912  INFO  Test worker                        OrderToCashTime?[m Created and shipped 5 in 1.0 seconds, 5.0 orders per second
]]></system-out>
  <system-err><![CDATA[]]></system-err>
</testsuite>
